#
# There is insufficient memory for the Java Runtime Environment to continue.
# Native memory allocation (mmap) failed to map 268435456 bytes for G1 virtual space
# Possible reasons:
#   The system is out of physical RAM or swap space
#   The process is running with CompressedOops enabled, and the Java Heap may be blocking the growth of the native heap
# Possible solutions:
#   Reduce memory load on the system
#   Increase physical memory or swap space
#   Check if swap backing store is full
#   Decrease Java heap size (-Xmx/-Xms)
#   Decrease number of Java threads
#   Decrease Java thread stack sizes (-Xss)
#   Set larger code cache with -XX:ReservedCodeCacheSize=
#   JVM is running with Zero Based Compressed Oops mode in which the Java heap is
#     placed in the first 32GB address space. The Java Heap base address is the
#     maximum limit for the native heap growth. Please use -XX:HeapBaseMinAddress
#     to set the Java Heap base and to place the Java Heap above 32GB virtual address.
# This output file may be truncated or incomplete.
#
#  Out of Memory Error (os_windows.cpp:3530), pid=26348, tid=11172
#
# JRE version:  (18.0.1.1+2) (build )
# Java VM: OpenJDK 64-Bit Server VM (18.0.1.1+2-6, mixed mode, sharing, tiered, compressed oops, compressed class ptrs, g1 gc, windows-amd64)
# No core dump will be written. Minidumps are not enabled by default on client versions of Windows
#

---------------  S U M M A R Y ------------

Command Line: -javaagent:C:\Program Files\JetBrains\IntelliJ IDEA 2022.1.2\lib\idea_rt.jar=57861:C:\Program Files\JetBrains\IntelliJ IDEA 2022.1.2\bin -Dfile.encoding=UTF-8 com.project.RouteSeeker.RouteSeekerApplication

Host: Intel(R) Core(TM) i7-9700F CPU @ 3.00GHz, 8 cores, 15G,  Windows 10 , 64 bit Build 19041 (10.0.19041.546)
Time: Fri Jun  3 04:48:45 2022 GTB Daylight Time elapsed time: 0.007582 seconds (0d 0h 0m 0s)

---------------  T H R E A D  ---------------

Current thread (0x000002abc04cc870):  JavaThread "Unknown thread" [_thread_in_vm, id=11172, stack(0x000000cd34600000,0x000000cd34700000)]

Stack: [0x000000cd34600000,0x000000cd34700000]
Native frames: (J=compiled Java code, j=interpreted, Vv=VM code, C=native code)
V  [jvm.dll+0x69887a]
V  [jvm.dll+0x7f38bd]
V  [jvm.dll+0x7f51ce]
V  [jvm.dll+0x7f5883]
V  [jvm.dll+0x25ca3f]
V  [jvm.dll+0x6957c9]
V  [jvm.dll+0x68a2fa]
V  [jvm.dll+0x321efb]
V  [jvm.dll+0x3298d6]
V  [jvm.dll+0x37e47e]
V  [jvm.dll+0x37e6af]
V  [jvm.dll+0x2f9c7a]
V  [jvm.dll+0x2facdd]
V  [jvm.dll+0x7c24f0]
V  [jvm.dll+0x38b801]
V  [jvm.dll+0x7a1203]
V  [jvm.dll+0x40d6bf]
V  [jvm.dll+0x40f091]
C  [jli.dll+0x526b]
C  [ucrtbase.dll+0x214c2]
C  [KERNEL32.DLL+0x17034]
C  [ntdll.dll+0x4cec1]


---------------  P R O C E S S  ---------------

Threads class SMR info:
_java_thread_list=0x00007ffe9fafd550, length=0, elements={
}

Java Threads: ( => current thread )

Other Threads:
  0x000002abc0540f60 WorkerThread "GC Thread#0" [stack: 0x000000cd34700000,0x000000cd34800000] [id=15704]
  0x000002abc0551d90 ConcurrentGCThread "G1 Main Marker" [stack: 0x000000cd34800000,0x000000cd34900000] [id=17580]
  0x000002abc0553790 WorkerThread "G1 Conc#0" [stack: 0x000000cd34900000,0x000000cd34a00000] [id=3000]

[error occurred during error reporting (printing all threads), id 0xc0000005, EXCEPTION_ACCESS_VIOLATION (0xc0000005) at pc=0x00007ffe9f32a217]

VM state: not at safepoint (not fully initialized)

VM Mutex/Monitor currently owned by a thread:  ([mutex/lock_event])
[0x000002abc04c81b0] Heap_lock - owner thread: 0x000002abc04cc870

Heap address: 0x0000000701000000, size: 4080 MB, Compressed Oops mode: Zero based, Oop shift amount: 3

CDS archive(s) mapped at: [0x0000000000000000-0x0000000000000000-0x0000000000000000), size 0, SharedBaseAddress: 0x0000000800000000, ArchiveRelocationMode: 0.
Narrow klass base: 0x0000000000000000, Narrow klass shift: 0, Narrow klass range: 0x0

GC Precious Log:
 CardTable entry size: 512
 Card Set container configuration: InlinePtr #cards 4 size 8 Array Of Cards #cards 16 size 48 Howl #buckets 8 coarsen threshold 3686 Howl Bitmap #cards 512 size 80 coarsen threshold 460 Card regions per heap region 1 cards per card region 4096

Heap:
 garbage-first heap   total 0K, used 0K [0x0000000701000000, 0x0000000800000000)
  region size 2048K, 0 young (0K), 0 survivors (0K)

[error occurred during error reporting (printing heap information), id 0xc0000005, EXCEPTION_ACCESS_VIOLATION (0xc0000005) at pc=0x00007ffe9f710cb9]

GC Heap History (0 events):
No events

Deoptimization events (0 events):
No events

Classes loaded (0 events):
No events

Classes unloaded (0 events):
No events

Classes redefined (0 events):
No events

Internal exceptions (0 events):
No events

VM Operations (0 events):
No events

Events (1 events):
Event: 0.004 Loaded shared library C:\Users\drago\.jdks\openjdk-18.0.1.1\bin\java.dll


Dynamic libraries:
0x00007ff706c40000 - 0x00007ff706c4e000 	C:\Users\drago\.jdks\openjdk-18.0.1.1\bin\java.exe
0x00007fff08070000 - 0x00007fff08266000 	C:\WINDOWS\SYSTEM32\ntdll.dll
0x00007fff07cc0000 - 0x00007fff07d7d000 	C:\WINDOWS\System32\KERNEL32.DLL
0x00007fff05970000 - 0x00007fff05c38000 	C:\WINDOWS\System32\KERNELBASE.dll
0x00007fff05fe0000 - 0x00007fff060e0000 	C:\WINDOWS\System32\ucrtbase.dll
0x00007ffedfbb0000 - 0x00007ffedfbc7000 	C:\Users\drago\.jdks\openjdk-18.0.1.1\bin\jli.dll
0x00007fff00d90000 - 0x00007fff00daa000 	C:\Users\drago\.jdks\openjdk-18.0.1.1\bin\VCRUNTIME140.dll
0x00007fff07e00000 - 0x00007fff07fa0000 	C:\WINDOWS\System32\USER32.dll
0x00007fff05910000 - 0x00007fff05932000 	C:\WINDOWS\System32\win32u.dll
0x00007fff04be0000 - 0x00007fff04e7b000 	C:\WINDOWS\WinSxS\amd64_microsoft.windows.common-controls_6595b64144ccf1df_6.0.19041.488_none_ca04af081b815d21\COMCTL32.dll
0x00007fff07370000 - 0x00007fff0739a000 	C:\WINDOWS\System32\GDI32.dll
0x00007fff05c40000 - 0x00007fff05d49000 	C:\WINDOWS\System32\gdi32full.dll
0x00007fff060e0000 - 0x00007fff0617e000 	C:\WINDOWS\System32\msvcrt.dll
0x00007fff057c0000 - 0x00007fff0585d000 	C:\WINDOWS\System32\msvcp_win.dll
0x00007fff07040000 - 0x00007fff07070000 	C:\WINDOWS\System32\IMM32.DLL
0x00007ffee4a50000 - 0x00007ffee4a5c000 	C:\Users\drago\.jdks\openjdk-18.0.1.1\bin\vcruntime140_1.dll
0x00007ffea4530000 - 0x00007ffea45bd000 	C:\Users\drago\.jdks\openjdk-18.0.1.1\bin\msvcp140.dll
0x00007ffe9f020000 - 0x00007ffe9fc30000 	C:\Users\drago\.jdks\openjdk-18.0.1.1\bin\server\jvm.dll
0x00007fff07c10000 - 0x00007fff07cba000 	C:\WINDOWS\System32\ADVAPI32.dll
0x00007fff06f40000 - 0x00007fff06fdb000 	C:\WINDOWS\System32\sechost.dll
0x00007fff07070000 - 0x00007fff07194000 	C:\WINDOWS\System32\RPCRT4.dll
0x00007fff07590000 - 0x00007fff07598000 	C:\WINDOWS\System32\PSAPI.DLL
0x00007ffeee2c0000 - 0x00007ffeee2c9000 	C:\WINDOWS\SYSTEM32\WSOCK32.dll
0x00007ffef42b0000 - 0x00007ffef42d7000 	C:\WINDOWS\SYSTEM32\WINMM.dll
0x00007ffeff8d0000 - 0x00007ffeff8da000 	C:\WINDOWS\SYSTEM32\VERSION.dll
0x00007fff074c0000 - 0x00007fff0752b000 	C:\WINDOWS\System32\WS2_32.dll
0x00007fff030e0000 - 0x00007fff030f2000 	C:\WINDOWS\SYSTEM32\kernel.appcore.dll
0x00007ffee4340000 - 0x00007ffee434a000 	C:\Users\drago\.jdks\openjdk-18.0.1.1\bin\jimage.dll
0x00007fff04fd0000 - 0x00007fff051b4000 	C:\WINDOWS\SYSTEM32\DBGHELP.DLL
0x00007fff04fa0000 - 0x00007fff04fcc000 	C:\WINDOWS\SYSTEM32\dbgcore.DLL
0x00007fff05f60000 - 0x00007fff05fdf000 	C:\WINDOWS\System32\bcryptPrimitives.dll
0x00007ffef1890000 - 0x00007ffef189e000 	C:\Users\drago\.jdks\openjdk-18.0.1.1\bin\instrument.dll
0x00007ffea41d0000 - 0x00007ffea41f5000 	C:\Users\drago\.jdks\openjdk-18.0.1.1\bin\java.dll

dbghelp: loaded successfully - version: 4.0.5 - missing functions: none
symbol engine: initialized successfully - sym options: 0x614 - pdb path: .;C:\Users\drago\.jdks\openjdk-18.0.1.1\bin;C:\WINDOWS\SYSTEM32;C:\WINDOWS\WinSxS\amd64_microsoft.windows.common-controls_6595b64144ccf1df_6.0.19041.488_none_ca04af081b815d21;C:\Users\drago\.jdks\openjdk-18.0.1.1\bin\server

VM Arguments:
jvm_args: -javaagent:C:\Program Files\JetBrains\IntelliJ IDEA 2022.1.2\lib\idea_rt.jar=57861:C:\Program Files\JetBrains\IntelliJ IDEA 2022.1.2\bin -Dfile.encoding=UTF-8 
java_command: com.project.RouteSeeker.RouteSeekerApplication
java_class_path (initial): C:\Users\drago\Desktop\FII\AP (JAVA)\AdvPrg\project\RouteSeekerSpring\project\target\classes;C:\Users\drago\Desktop\FII\AP (JAVA)\AdvPrg\project\RouteSeekerSpring\project\lib\javax.transaction.jar;C:\Users\drago\Desktop\FII\AP (JAVA)\AdvPrg\project\RouteSeekerSpring\project\lib\javax.jms.jar;C:\Users\drago\Desktop\FII\AP (JAVA)\AdvPrg\project\RouteSeekerSpring\project\lib\javax.resource.jar;C:\Users\drago\Desktop\FII\AP (JAVA)\AdvPrg\project\RouteSeekerSpring\project\lib\javax.servlet.jar;C:\Users\drago\Desktop\FII\AP (JAVA)\AdvPrg\project\RouteSeekerSpring\project\lib\javax.servlet.jsp.jstl.jar;C:\Users\drago\Desktop\FII\AP (JAVA)\AdvPrg\project\RouteSeekerSpring\project\lib\javax.persistence.jar;C:\Users\drago\Desktop\FII\AP (JAVA)\AdvPrg\project\RouteSeekerSpring\project\lib\javax.ejb.jar;C:\Users\drago\Desktop\FII\AP (JAVA)\AdvPrg\project\RouteSeekerSpring\project\lib\javax.servlet.jsp.jar;C:\Users\drago\.m2\repository\org\postgresql\postgresql\42.3.5\postgresql-42.3.5.jar;C:\Users\drago\.m2\repository\org\checkerframework\checker-qual\3.5.0\checker-qual-3.5.0.jar;C:\Users\drago\.m2\repository\org\springframework\boot\spring-boot-starter\2.7.0\spring-boot-starter-2.7.0.jar;C:\Users\drago\.m2\repository\org\springframework\boot\spring-boot\2.7.0\spring-boot-2.7.0.jar;C:\Users\drago\.m2\repository\org\springframework\spring-context\5.3.20\spring-context-5.3.20.jar;C:\Users\drago\.m2\repository\org\springframework\boot\spring-boot-autoconfigure\2.7.0\spring-boot-autoconfigure-2.7.0.jar;C:\Users\drago\.m2\repository\org\springframework\boot\spring-boot-starter-logging\2.7.0\spring-boot-starter-logging-2.7.0.jar;C:\Users\drago\.m2\repository\ch\qos\logback\logback-classic\1.2.11\logback-classic-1.2.11.jar;C:\Users\drago\.m2\repository\ch\qos\logback\logback-core\1.2.11\logback-core-1.2.11.jar;C:\Users\drago\.m2\repository\org\apache\logging\log4j\log4j-to-slf4j\2.17.2\log4j-to-slf4j-2.17.2.jar;C:\Users\drago\.m2\repository\org\apache\logging\log4j\log4j-api\2.17.2\log4j-api-2.17.2.jar;C:\Users\drago\.m2\repository\org\slf4j\jul-to-slf4j\1.7.36\jul-to-slf4j-1.7.36.jar;C:\Users\drago\.m2\repository\jakarta\annotation\jakarta.annotation-api\1.3.5\jakarta.annotation-api-1.3.5.jar;C:\Users\drago\.m2\repository\org\springframework\spring-core\5.3.20\spring-core-5.3.20.jar;C:\Users\drago\.m2\repository\org\springframework\spring-jcl\5.3.20\spring-jcl-5.3.20.jar;C:\Users\drago\.m2\repository\org\yaml\snakeyaml\1.30\snakeyaml-1.30.jar;C:\Users\drago\.m2\repository\org\springframework\experimental\spring-native\0.12.0\spring-native-0.12.0.jar;C:\Users\drago\.m2\repository\org\slf4j\slf4j-api\1.7.36\slf4j-api-1.7.36.jar;C:\Users\drago\.m2\repository\jakarta\xml\bind\jakarta.xml.bind-api\2.3.3\jakarta.xml.bind-api-2.3.3.jar;C:\Users\drago\.m2\repository\jakarta\activation\jakarta.activation-api\1.2.2\jakarta.activation-api-1.2.2.jar;C:\Users\drago\.m2\repository\net\bytebuddy\byte-buddy\1.12.10\byte-buddy-1.12.10.jar;C:\Users\drago\.m2\repository\com\fasterxml\jackson\core\jackson-annotations\2.13.3\jackson-annotations-2.13.3.jar;C:\Users\drago\.m2\repository\org\springframework\boot\spring-boot-starter-data-jpa\2.7.0\spring-boot-starter-data-jpa-2.7.0.jar;C:\Users\drago\.m2\repository\org\springframework\boot\spring-boot-starter-aop\2.7.0\spring-boot-starter-aop-2.7.0.jar;C:\Users\drago\.m2\repository\org\springframework\spring-aop\5.3.20\spring-aop-5.3.20.jar;C:\Users\drago\.m2\repository\org\aspectj\aspectjweaver\1.9.7\aspectjweaver-1.9.7.jar;C:\Users\drago\.m2\repository\org\springframework\boot\spring-boot-starter-jdbc\2.7.0\spring-boot-starter-jdbc-2.7.0.jar;C:\Users\drago\.m2\repository\com\zaxxer\HikariCP\4.0.3\HikariCP-4.0.3.jar;C:\Users\drago\.m2\repository\org\springframework\spring-jdbc\5.3.20\spring-jdbc-5.3.20.jar;C:\Users\drago\.m2\repository\jakarta\transaction\jakarta.transaction-api\1.3.3\jakarta.transaction-api-1.3.3.jar;C:\Users\drago\.m2\repository\jakarta\persistence\jakarta.persistence-api\2.2.3\jakarta.persistence-api-2.2.3.jar;C:\Users\drago\.m2\repository\org\hibernate\hibernate-core\5.6.9.Final\hibernate-core-5.6.9.Final.jar;C:\Users\drago\.m2\repository\org\jboss\logging\jboss-logging\3.4.3.Final\jboss-logging-3.4.3.Final.jar;C:\Users\drago\.m2\repository\antlr\antlr\2.7.7\antlr-2.7.7.jar;C:\Users\drago\.m2\repository\org\jboss\jandex\2.4.2.Final\jandex-2.4.2.Final.jar;C:\Users\drago\.m2\repository\com\fasterxml\classmate\1.5.1\classmate-1.5.1.jar;C:\Users\drago\.m2\repository\org\hibernate\common\hibernate-commons-annotations\5.1.2.Final\hibernate-commons-annotations-5.1.2.Final.jar;C:\Users\drago\.m2\repository\org\glassfish\jaxb\jaxb-runtime\2.3.6\jaxb-runtime-2.3.6.jar;C:\Users\drago\.m2\repository\org\glassfish\jaxb\txw2\2.3.6\txw2-2.3.6.jar;C:\Users\drago\.m2\repository\com\sun\istack\istack-commons-runtime\3.0.12\istack-commons-runtime-3.0.12.jar;C:\Users\drago\.m2\repository\com\sun\activation\jakarta.activation\1.2.2\jakarta.activation-1.2.2.jar;C:\Users\drago\.m2\repository\org\springframework\data\spring-data-jpa\2.7.0\spring-data-jpa-2.7.0.jar;C:\Users\drago\.m2\repository\org\springframework\data\spring-data-commons\2.7.0\spring-data-commons-2.7.0.jar;C:\Users\drago\.m2\repository\org\springframework\spring-orm\5.3.20\spring-orm-5.3.20.jar;C:\Users\drago\.m2\repository\org\springframework\spring-tx\5.3.20\spring-tx-5.3.20.jar;C:\Users\drago\.m2\repository\org\springframework\spring-beans\5.3.20\spring-beans-5.3.20.jar;C:\Users\drago\.m2\repository\org\springframework\spring-aspects\5.3.20\spring-aspects-5.3.20.jar;C:\Users\drago\.m2\repository\org\springframework\boot\spring-boot-starter-web\2.7.0\spring-boot-starter-web-2.7.0.jar;C:\Users\drago\.m2\repository\org\springframework\boot\spring-boot-starter-json\2.7.0\spring-boot-starter-json-2.7.0.jar;C:\Users\drago\.m2\repository\com\fasterxml\jackson\core\jackson-databind\2.13.3\jackson-databind-2.13.3.jar;C:\Users\drago\.m2\repository\com\fasterxml\jackson\core\jackson-core\2.13.3\jackson-core-2.13.3.jar;C:\Users\drago\.m2\repository\com\fasterxml\jackson\datatype\jackson-datatype-jdk8\2.13.3\jackson-datatype-jdk8-2.13.3.jar;C:\Users\drago\.m2\repository\com\fasterxml\jackson\datatype\jackson-datatype-jsr310\2.13.3\jackson-datatype-jsr310-2.13.3.jar;C:\Users\drago\.m2\repository\com\fasterxml\jackson\module\jackson-module-parameter-names\2.13.3\jackson-module-parameter-names-2.13.3.jar;C:\Users\drago\.m2\repository\org\springframework\boot\spring-boot-starter-tomcat\2.7.0\spring-boot-starter-tomcat-2.7.0.jar;C:\Users\drago\.m2\repository\org\apache\tomcat\embed\tomcat-embed-core\9.0.63\tomcat-embed-core-9.0.63.jar;C:\Users\drago\.m2\repository\org\apache\tomcat\embed\tomcat-embed-el\9.0.63\tomcat-embed-el-9.0.63.jar;C:\Users\drago\.m2\repository\org\apache\tomcat\embed\tomcat-embed-websocket\9.0.63\tomcat-embed-websocket-9.0.63.jar;C:\Users\drago\.m2\repository\org\springframework\spring-web\5.3.20\spring-web-5.3.20.jar;C:\Users\drago\.m2\repository\org\springframework\spring-webmvc\5.3.20\spring-webmvc-5.3.20.jar;C:\Users\drago\.m2\repository\org\springframework\spring-expression\5.3.20\spring-expression-5.3.20.jar
Launcher Type: SUN_STANDARD

[Global flags]
     intx CICompilerCount                          = 4                                         {product} {ergonomic}
     uint ConcGCThreads                            = 2                                         {product} {ergonomic}
     uint G1ConcRefinementThreads                  = 8                                         {product} {ergonomic}
   size_t G1HeapRegionSize                         = 2097152                                   {product} {ergonomic}
    uintx GCDrainStackTargetSize                   = 64                                        {product} {ergonomic}
   size_t InitialHeapSize                          = 268435456                                 {product} {ergonomic}
   size_t MarkStackSize                            = 4194304                                   {product} {ergonomic}
   size_t MaxHeapSize                              = 4278190080                                {product} {ergonomic}
   size_t MinHeapDeltaBytes                        = 2097152                                   {product} {ergonomic}
   size_t MinHeapSize                              = 8388608                                   {product} {ergonomic}
    uintx NonNMethodCodeHeapSize                   = 5839372                                {pd product} {ergonomic}
    uintx NonProfiledCodeHeapSize                  = 122909434                              {pd product} {ergonomic}
    uintx ProfiledCodeHeapSize                     = 122909434                              {pd product} {ergonomic}
    uintx ReservedCodeCacheSize                    = 251658240                              {pd product} {ergonomic}
     bool SegmentedCodeCache                       = true                                      {product} {ergonomic}
   size_t SoftMaxHeapSize                          = 4278190080                             {manageable} {ergonomic}
     bool UseCompressedClassPointers               = true                           {product lp64_product} {ergonomic}
     bool UseCompressedOops                        = true                           {product lp64_product} {ergonomic}
     bool UseG1GC                                  = true                                      {product} {ergonomic}
     bool UseLargePagesIndividualAllocation        = false                                  {pd product} {ergonomic}

Logging:
Log output configuration:
 #0: stdout all=warning uptime,level,tags foldmultilines=false
 #1: stderr all=off uptime,level,tags foldmultilines=false

Environment Variables:
PATH=C:\oraclexe\app\oracle\product\11.2.0\server\bin;;C:\Program Files\Eclipse Adoptium\jdk-17.0.2.8-hotspot\bin;C:\oraclexe\app\oracle\product\11.2.0\server\bin;C:\Program Files (x86)\Razer Chroma SDK\bin;C:\Program Files\Razer Chroma SDK\bin;C:\Program Files (x86)\Razer\ChromaBroadcast\bin;C:\Program Files\Razer\ChromaBroadcast\bin;C:\Program Files (x86)\Common Files\Oracle\Java\javapath;C:\Program Files (x86)\Common Files\Intel\Shared Libraries\redist\intel64_win\compiler;C:\Windows\system32;C:\Windows;C:\Windows\System32\Wbem;C:\Windows\System32\WindowsPowerShell\v1.0\;C:\Windows\System32\OpenSSH\;C:\Program Files (x86)\Intel\Intel(R) Management Engine Components\DAL;C:\Program Files\Intel\Intel(R) Management Engine Components\DAL;C:\Program Files (x86)\NVIDIA Corporation\PhysX\Common;C:\Program Files\Microsoft SQL Server\130\Tools\Binn\;C:\Program Files\Git LFS;C:\Program Files\Git\cmd;C:\Program Files\NVIDIA Corporation\NVIDIA NvDLISR;C:\Program Files\PuTTY\;C:\TDM-GCC-32\bin;C:\WINDOWS\system32;C:\WINDOWS;C:\WINDOWS\System32\Wbem;C:\WINDOWS\System32\WindowsPowerShell\v1.0\;C:\WINDOWS\System32\OpenSSH\;C:\WINDOWS\system32\config\systemprofile\AppData\Local\Microsoft\WindowsApps;C:\Users\drago\Downloads\alki-v3.0\v3.0\bin;C:\Users\drago\AppData\Local\Packages\PythonSoftwareFoundation.Python.3.9_qbz5n2kfra8p0\LocalCache\local-packages\Python39\Scripts;C:\Users\drago\AppData\Local\Microsoft\WindowsApps;C:\Users\drago\AppData\Local\Programs\Microsoft VS Code\bin;C:\Users\drago\AppData\Local\GitHubDesktop\bin;C:\Users\drago\AppData\Local\Microsoft\WindowsApps;C:\Users\drago\Desktop\WEB\PATH\geckodriver;C:\Users\drago\Desktop\WEB\PATH\geckodriver;C:\Users\drago\AppData\Local\Packages\PythonSoftwareFoundation.Python.3.9_qbz5n2kfra8p0\LocalCache\local-packages\Python39\Scripts;C:\Users\drago\AppData\Local\Microsoft\WindowsApps;C:\Users\drago\AppData\Local\Programs\Microsoft VS Code\bin;C:\Users\drago\AppData\Local\GitHubDesktop\bin;C:\Users\drago\AppData\Local\Microsoft\WindowsApps;C:\Program Files\JetBrains\IntelliJ IDEA Community Edition 2021.3.2\bin;;C:\Program Files\JetBrains\DataGrip 2022.1.4\bin;
USERNAME=drago
OS=Windows_NT
PROCESSOR_IDENTIFIER=Intel64 Family 6 Model 158 Stepping 13, GenuineIntel



---------------  S Y S T E M  ---------------

OS:
 Windows 10 , 64 bit Build 19041 (10.0.19041.546)
OS uptime: 0 days 17:56 hours

CPU: total 8 (initial active 8) (8 cores per cpu, 1 threads per core) family 6 model 158 stepping 13 microcode 0xb8, cx8, cmov, fxsr, mmx, 3dnowpref, sse, sse2, sse3, ssse3, sse4.1, sse4.2, popcnt, lzcnt, tsc, tscinvbit, avx, avx2, aes, erms, clmul, bmi1, bmi2, rtm, adx, fma, vzeroupper, clflush, clflushopt

Memory: 4k page, system-wide physical 16317M (864M free)
TotalPageFile size 65469M (AvailPageFile size 163M)
current process WorkingSet (physical memory assigned to process): 10M, peak: 10M
current process commit charge ("private bytes"): 60M, peak: 316M

vm_info: OpenJDK 64-Bit Server VM (18.0.1.1+2-6) for windows-amd64 JRE (18.0.1.1+2-6), built on Apr 25 2022 21:50:56 by "mach5one" with MS VC++ 16.8 / 16.9 (VS2019)

END.
